0 info it worked if it ends with ok
1 verbose cli [ '/usr/local/bin/node',
1 verbose cli   '/usr/local/bin/npm',
1 verbose cli   'owner',
1 verbose cli   'ls',
1 verbose cli   'shortly-express' ]
2 info using npm@3.3.12
3 info using node@v5.4.1
4 silly mapToRegistry name shortly-express
5 silly mapToRegistry using default registry
6 silly mapToRegistry registry https://registry.npmjs.org/
7 silly mapToRegistry uri https://registry.npmjs.org/shortly-express
8 verbose request uri https://registry.npmjs.org/shortly-express
9 verbose request no auth needed
10 info attempt registry request try #1 at 12:41:33 PM
11 verbose request id 9e59852b8ca3a1c4
12 http request GET https://registry.npmjs.org/shortly-express
13 info retry will retry, error on last attempt: Error: getaddrinfo ENOTFOUND registry.npmjs.org registry.npmjs.org:443
14 info attempt registry request try #2 at 12:41:43 PM
15 http request GET https://registry.npmjs.org/shortly-express
16 http 404 https://registry.npmjs.org/shortly-express
17 verbose headers { 'content-type': 'application/json',
17 verbose headers   'cache-control': 'max-age=0',
17 verbose headers   'content-length': '2',
17 verbose headers   'accept-ranges': 'bytes',
17 verbose headers   date: 'Thu, 04 Feb 2016 18:41:43 GMT',
17 verbose headers   via: '1.1 varnish',
17 verbose headers   age: '0',
17 verbose headers   connection: 'keep-alive',
17 verbose headers   'x-served-by': 'cache-ord1730-ORD',
17 verbose headers   'x-cache': 'MISS',
17 verbose headers   'x-cache-hits': '0',
17 verbose headers   'x-timer': 'S1454611303.394816,VS0,VE306' }
18 silly get cb [ 404,
18 silly get   { 'content-type': 'application/json',
18 silly get     'cache-control': 'max-age=0',
18 silly get     'content-length': '2',
18 silly get     'accept-ranges': 'bytes',
18 silly get     date: 'Thu, 04 Feb 2016 18:41:43 GMT',
18 silly get     via: '1.1 varnish',
18 silly get     age: '0',
18 silly get     connection: 'keep-alive',
18 silly get     'x-served-by': 'cache-ord1730-ORD',
18 silly get     'x-cache': 'MISS',
18 silly get     'x-cache-hits': '0',
18 silly get     'x-timer': 'S1454611303.394816,VS0,VE306' } ]
19 error owner ls Couldn't get owner data shortly-express
20 verbose stack Error: Registry returned 404 for GET on https://registry.npmjs.org/shortly-express
20 verbose stack     at makeError (/usr/local/lib/node_modules/npm/node_modules/npm-registry-client/lib/request.js:264:12)
20 verbose stack     at CachingRegistryClient.<anonymous> (/usr/local/lib/node_modules/npm/node_modules/npm-registry-client/lib/request.js:242:14)
20 verbose stack     at Request._callback (/usr/local/lib/node_modules/npm/node_modules/npm-registry-client/lib/request.js:172:14)
20 verbose stack     at Request.self.callback (/usr/local/lib/node_modules/npm/node_modules/request/request.js:198:22)
20 verbose stack     at emitTwo (events.js:87:13)
20 verbose stack     at Request.emit (events.js:172:7)
20 verbose stack     at Request.<anonymous> (/usr/local/lib/node_modules/npm/node_modules/request/request.js:1082:10)
20 verbose stack     at emitOne (events.js:82:20)
20 verbose stack     at Request.emit (events.js:169:7)
20 verbose stack     at IncomingMessage.<anonymous> (/usr/local/lib/node_modules/npm/node_modules/request/request.js:1009:12)
21 verbose statusCode 404
22 verbose pkgid shortly-express
23 verbose cwd /Users/dylanswoope/Documents/MakerSquare/Week5/Day4/MKS-ATX-shortly-deploy
24 error Darwin 14.5.0
25 error argv "/usr/local/bin/node" "/usr/local/bin/npm" "owner" "ls" "shortly-express"
26 error node v5.4.1
27 error npm  v3.3.12
28 error code E404
29 error 404 Registry returned 404 for GET on https://registry.npmjs.org/shortly-express
29 error 404
29 error 404 'shortly-express' is not in the npm registry.
29 error 404 You should bug the author to publish it (or use the name yourself!)
29 error 404
29 error 404 Note that you can also install from a
29 error 404 tarball, folder, http url, or git url.
30 verbose exit [ 1, true ]
